0 info it worked if it ends with ok
1 verbose cli [ '/home/jpetitcolas/.nvm/v0.10.37/bin/node',
1 verbose cli   '/home/jpetitcolas/.nvm/v0.10.37/bin/npm',
1 verbose cli   'run',
1 verbose cli   'webpack' ]
2 info using npm@1.4.28
3 info using node@v0.10.37
4 verbose run-script [ 'prewebpack', 'webpack', 'postwebpack' ]
5 info prewebpack marcell@0.0.1
6 info webpack marcell@0.0.1
7 verbose unsafe-perm in lifecycle true
8 info marcell@0.0.1 Failed to exec webpack script
9 error marcell@0.0.1 webpack: `webpack-dev-server --progress --colors`
9 error Exit status 8
10 error Failed at the marcell@0.0.1 webpack script.
10 error This is most likely a problem with the marcell package,
10 error not with npm itself.
10 error Tell the author that this fails on your system:
10 error     webpack-dev-server --progress --colors
10 error You can get their info via:
10 error     npm owner ls marcell
10 error There is likely additional logging output above.
11 error System Linux 3.13.0-37-generic
12 error command "/home/jpetitcolas/.nvm/v0.10.37/bin/node" "/home/jpetitcolas/.nvm/v0.10.37/bin/npm" "run" "webpack"
13 error cwd /home/jpetitcolas/dev/marcell
14 error node -v v0.10.37
15 error npm -v 1.4.28
16 error code ELIFECYCLE
17 verbose exit [ 1, true ]
